[debug] [2021-03-19T17:34:59.658Z] ----------------------------------------------------------------------
[debug] [2021-03-19T17:34:59.659Z] Command:       /usr/local/bin/firebase /home/mk2/.cache/firebase/tools/lib/node_modules/firebase-tools/lib/bin/firebase init
[debug] [2021-03-19T17:34:59.659Z] CLI Version:   9.6.1
[debug] [2021-03-19T17:34:59.659Z] Platform:      linux
[debug] [2021-03-19T17:34:59.660Z] Node Version:  v12.18.1
[debug] [2021-03-19T17:34:59.663Z] Time:          Fri Mar 19 2021 23:34:59 GMT+0600 (Bangladesh Standard Time)
[debug] [2021-03-19T17:34:59.664Z] ----------------------------------------------------------------------
[debug] [2021-03-19T17:34:59.664Z] 
[debug] [2021-03-19T17:34:59.666Z] >>> [apiv2][query] GET https://firebase-public.firebaseio.com/cli.json [none]
[debug] [2021-03-19T17:34:59.675Z] > command requires scopes: ["email","openid","https://www.googleapis.com/auth/cloudplatformprojects.readonly","https://www.googleapis.com/auth/firebase","https://www.googleapis.com/auth/cloud-platform"]
[debug] [2021-03-19T17:34:59.676Z] > authorizing via signed-in user
[info] 
     ######## #### ########  ######## ########     ###     ######  ########
     ##        ##  ##     ## ##       ##     ##  ##   ##  ##       ##
     ######    ##  ########  ######   ########  #########  ######  ######
     ##        ##  ##    ##  ##       ##     ## ##     ##       ## ##
     ##       #### ##     ## ######## ########  ##     ##  ######  ########

You're about to initialize a Firebase project in this directory:

  /home/mk2/hero3/react-repo/tfd

[debug] [2021-03-19T17:35:00.744Z] <<< [apiv2][status] GET https://firebase-public.firebaseio.com/cli.json 200
[debug] [2021-03-19T17:35:00.745Z] <<< [apiv2][body] GET https://firebase-public.firebaseio.com/cli.json {"cloudBuildErrorAfter":1594252800000,"cloudBuildWarnAfter":1590019200000,"defaultNode10After":1594252800000,"minVersion":"3.0.5","node8DeploysDisabledAfter":1613390400000,"node8RuntimeDisabledAfter":1615809600000,"node8WarnAfter":1600128000000}
